2026-06-23 18:40:44  INFO      [dashboard.apps]  [BackgroundPrecacheWorker] Worker started. Waiting 10 seconds for boot up sequence...
2026-06-23 21:23:02  INFO      [dashboard.apps]  [BackgroundPrecacheWorker] Worker started. Waiting 10 seconds for boot up sequence...
2026-06-23 21:23:12  INFO      [dashboard.apps]  [BackgroundPrecacheWorker] Worker started. Waiting 10 seconds for boot up sequence...
2026-06-23 21:23:23  INFO      [dashboard.apps]  [BackgroundPrecacheWorker] Worker started. Waiting 10 seconds for boot up sequence...
2026-06-23 21:23:47  INFO      [dashboard.apps]  [BackgroundPrecacheWorker] Worker started. Waiting 10 seconds for boot up sequence...
2026-06-23 21:24:03  INFO      [dashboard.apps]  [BackgroundPrecacheWorker] Worker started. Waiting 10 seconds for boot up sequence...
2026-06-23 21:24:13  INFO      [dashboard.apps]  [BackgroundPrecacheWorker] Worker started. Waiting 10 seconds for boot up sequence...
2026-06-23 21:24:57  INFO      [dashboard.apps]  [BackgroundPrecacheWorker] Worker started. Waiting 10 seconds for boot up sequence...
2026-06-23 21:25:07  INFO      [dashboard.apps]  [BackgroundPrecacheWorker] Starting scheduled 24h pre-cache cycle...
2026-06-23 21:25:07  INFO      [dashboard.apps]  [BackgroundPrecacheWorker] Precaching price data for 501 stocks...
2026-06-23 21:25:11  INFO      [dashboard.apps]  [BackgroundPrecacheWorker] Precaching fundamentals for 501 stocks...
2026-06-23 21:25:12  INFO      [dashboard.apps]  [BackgroundPrecacheWorker] Warming up portfolio momentum history cache...
2026-06-23 21:25:13  INFO      [dashboard.apps]  [BackgroundPrecacheWorker] Portfolio momentum history cache successfully warmed up.
2026-06-23 21:25:13  INFO      [dashboard.apps]  [BackgroundPrecacheWorker] Pre-cache run successfully finished.
2026-06-23 21:47:33  INFO      [dashboard.apps]  [BackgroundPrecacheWorker] Worker started. Waiting 10 seconds for boot up sequence...
2026-06-23 21:47:59  INFO      [dashboard.apps]  [BackgroundPrecacheWorker] Worker started. Waiting 10 seconds for boot up sequence...
2026-06-23 21:56:23  INFO      [dashboard.apps]  [BackgroundPrecacheWorker] Worker started. Waiting 10 seconds for boot up sequence...
2026-06-23 21:56:33  INFO      [dashboard.apps]  [BackgroundPrecacheWorker] Starting scheduled 24h pre-cache cycle...
2026-06-23 21:56:33  INFO      [dashboard.apps]  [BackgroundPrecacheWorker] Precaching price data for 501 stocks...
2026-06-23 21:57:01  INFO      [dashboard.apps]  [BackgroundPrecacheWorker] Precaching fundamentals for 501 stocks...
2026-06-23 21:57:07  INFO      [dashboard.apps]  [BackgroundPrecacheWorker] Warming up portfolio momentum history cache...
